<?xml version="1.0" encoding="UTF-8"?>
<coverage generated="1750608621160" clover="3.2.0">
  <project timestamp="1750608621160" name="All files">
    <metrics statements="35" coveredstatements="30" conditionals="12" coveredconditionals="7" methods="16" coveredmethods="12" elements="63" coveredelements="49" complexity="0" loc="35" ncloc="35" packages="3" files="6" classes="6"/>
    <package name="components">
      <metrics statements="33" coveredstatements="28" conditionals="12" coveredconditionals="7" methods="16" coveredmethods="12"/>
      <file name="Contact.js" path="/Users/sishetty/Documents/Namaste React/react/src/components/Contact.js">
        <metrics statements="2" coveredstatements="2" conditionals="0" coveredconditionals="0" methods="1" coveredmethods="1"/>
        <line num="1" count="1" type="stmt"/>
        <line num="2" count="3" type="stmt"/>
      </file>
      <file name="Header.js" path="/Users/sishetty/Documents/Namaste React/react/src/components/Header.js">
        <metrics statements="7" coveredstatements="7" conditionals="4" coveredconditionals="2" methods="3" coveredmethods="3"/>
        <line num="8" count="1" type="stmt"/>
        <line num="10" count="5" type="stmt"/>
        <line num="12" count="5" type="stmt"/>
        <line num="14" count="5" type="stmt"/>
        <line num="16" count="9" type="stmt"/>
        <line num="18" count="5" type="stmt"/>
        <line num="34" count="1" type="cond" truecount="1" falsecount="1"/>
      </file>
      <file name="ResCard.js" path="/Users/sishetty/Documents/Namaste React/react/src/components/ResCard.js">
        <metrics statements="6" coveredstatements="6" conditionals="0" coveredconditionals="0" methods="3" coveredmethods="3"/>
        <line num="3" count="2" type="stmt"/>
        <line num="4" count="44" type="stmt"/>
        <line num="5" count="42" type="stmt"/>
        <line num="30" count="2" type="stmt"/>
        <line num="31" count="4" type="stmt"/>
        <line num="32" count="42" type="stmt"/>
      </file>
      <file name="ResContainer.js" path="/Users/sishetty/Documents/Namaste React/react/src/components/ResContainer.js">
        <metrics statements="18" coveredstatements="13" conditionals="8" coveredconditionals="5" methods="9" coveredmethods="5"/>
        <line num="8" count="1" type="stmt"/>
        <line num="10" count="4" type="stmt"/>
        <line num="12" count="4" type="cond" truecount="1" falsecount="1"/>
        <line num="13" count="3" type="stmt"/>
        <line num="15" count="3" type="stmt"/>
        <line num="16" count="1" type="stmt"/>
        <line num="19" count="3" type="stmt"/>
        <line num="21" count="3" type="stmt"/>
        <line num="24" count="3" type="stmt"/>
        <line num="33" count="0" type="stmt"/>
        <line num="39" count="1" type="stmt"/>
        <line num="40" count="20" type="stmt"/>
        <line num="44" count="1" type="stmt"/>
        <line num="54" count="0" type="stmt"/>
        <line num="55" count="0" type="stmt"/>
        <line num="57" count="0" type="stmt"/>
        <line num="66" count="0" type="stmt"/>
        <line num="74" count="60" type="stmt"/>
      </file>
    </package>
    <package name="mockData">
      <metrics statements="1" coveredstatements="1" conditionals="0" coveredconditionals="0" methods="0" coveredmethods="0"/>
      <file name="mockData.js" path="/Users/sishetty/Documents/Namaste React/react/src/mockData/mockData.js">
        <metrics statements="1" coveredstatements="1" conditionals="0" coveredconditionals="0" methods="0" coveredmethods="0"/>
        <line num="1" count="1" type="stmt"/>
      </file>
    </package>
    <package name="store">
      <metrics statements="1" coveredstatements="1" conditionals="0" coveredconditionals="0" methods="0" coveredmethods="0"/>
      <file name="store.js" path="/Users/sishetty/Documents/Namaste React/react/src/store/store.js">
        <metrics statements="1" coveredstatements="1" conditionals="0" coveredconditionals="0" methods="0" coveredmethods="0"/>
        <line num="4" count="1" type="stmt"/>
      </file>
    </package>
  </project>
</coverage>
