{"/Users/sishetty/Documents/Namaste React/react/src/components/Contact.js": {"path":"/Users/sishetty/Documents/Namaste React/react/src/components/Contact.js","statementMap":{"0":{"start":{"line":1,"column":16},"end":{"line":14,"column":1}},"1":{"start":{"line":2,"column":4},"end":{"line":13,"column":5}}},"fnMap":{"0":{"name":"(anonymous_0)","decl":{"start":{"line":1,"column":16},"end":{"line":1,"column":17}},"loc":{"start":{"line":1,"column":22},"end":{"line":14,"column":1}},"line":1}},"branchMap":{},"s":{"0":1,"1":3},"f":{"0":3},"b":{},"_coverageSchema":"1a1c01bbd47fc00a2c39e90264f33305004495a9","hash":"2569902398461fe3b020098f1f9d78b094c8001f"}
,"/Users/sishetty/Documents/Namaste React/react/src/components/Header.js": {"path":"/Users/sishetty/Documents/Namaste React/react/src/components/Header.js","statementMap":{"0":{"start":{"line":8,"column":15},"end":{"line":44,"column":1}},"1":{"start":{"line":10,"column":34},"end":{"line":10,"column":51}},"2":{"start":{"line":12,"column":25},"end":{"line":12,"column":42}},"3":{"start":{"line":14,"column":29},"end":{"line":14,"column":52}},"4":{"start":{"line":16,"column":22},"end":{"line":16,"column":62}},"5":{"start":{"line":16,"column":45},"end":{"line":16,"column":61}},"6":{"start":{"line":18,"column":4},"end":{"line":43,"column":5}},"7":{"start":{"line":34,"column":28},"end":{"line":34,"column":93}}},"fnMap":{"0":{"name":"(anonymous_0)","decl":{"start":{"line":8,"column":15},"end":{"line":8,"column":16}},"loc":{"start":{"line":8,"column":21},"end":{"line":44,"column":1}},"line":8},"1":{"name":"(anonymous_1)","decl":{"start":{"line":16,"column":34},"end":{"line":16,"column":35}},"loc":{"start":{"line":16,"column":45},"end":{"line":16,"column":61}},"line":16},"2":{"name":"(anonymous_2)","decl":{"start":{"line":33,"column":63},"end":{"line":33,"column":64}},"loc":{"start":{"line":33,"column":69},"end":{"line":35,"column":25}},"line":33}},"branchMap":{"0":{"loc":{"start":{"line":28,"column":68},"end":{"line":28,"column":93}},"type":"cond-expr","locations":[{"start":{"line":28,"column":83},"end":{"line":28,"column":86}},{"start":{"line":28,"column":89},"end":{"line":28,"column":93}}],"line":28},"1":{"loc":{"start":{"line":34,"column":28},"end":{"line":34,"column":92}},"type":"cond-expr","locations":[{"start":{"line":34,"column":50},"end":{"line":34,"column":70}},{"start":{"line":34,"column":73},"end":{"line":34,"column":92}}],"line":34}},"s":{"0":1,"1":5,"2":5,"3":5,"4":5,"5":9,"6":5,"7":1},"f":{"0":5,"1":9,"2":1},"b":{"0":[5,0],"1":[1,0]},"_coverageSchema":"1a1c01bbd47fc00a2c39e90264f33305004495a9","hash":"f9b86508e0358c42531ceeca1890ecbbdac29080"}
,"/Users/sishetty/Documents/Namaste React/react/src/components/ResCard.js": {"path":"/Users/sishetty/Documents/Namaste React/react/src/components/ResCard.js","statementMap":{"0":{"start":{"line":3,"column":16},"end":{"line":28,"column":1}},"1":{"start":{"line":4,"column":38},"end":{"line":4,"column":48}},"2":{"start":{"line":5,"column":4},"end":{"line":27,"column":5}},"3":{"start":{"line":30,"column":27},"end":{"line":39,"column":1}},"4":{"start":{"line":31,"column":4},"end":{"line":38,"column":5}},"5":{"start":{"line":32,"column":8},"end":{"line":37,"column":9}}},"fnMap":{"0":{"name":"(anonymous_0)","decl":{"start":{"line":3,"column":16},"end":{"line":3,"column":17}},"loc":{"start":{"line":3,"column":32},"end":{"line":28,"column":1}},"line":3},"1":{"name":"(anonymous_1)","decl":{"start":{"line":30,"column":27},"end":{"line":30,"column":28}},"loc":{"start":{"line":30,"column":33},"end":{"line":39,"column":1}},"line":30},"2":{"name":"(anonymous_2)","decl":{"start":{"line":31,"column":11},"end":{"line":31,"column":12}},"loc":{"start":{"line":31,"column":22},"end":{"line":38,"column":5}},"line":31}},"branchMap":{},"s":{"0":2,"1":44,"2":42,"3":2,"4":4,"5":42},"f":{"0":44,"1":4,"2":42},"b":{},"_coverageSchema":"1a1c01bbd47fc00a2c39e90264f33305004495a9","hash":"6e02822cfd6573b1f87973b2911ed7ca361d82f3"}
,"/Users/sishetty/Documents/Namaste React/react/src/components/ResContainer.js": {"path":"/Users/sishetty/Documents/Namaste React/react/src/components/ResContainer.js","statementMap":{"0":{"start":{"line":8,"column":21},"end":{"line":86,"column":1}},"1":{"start":{"line":10,"column":28},"end":{"line":10,"column":52}},"2":{"start":{"line":12,"column":58},"end":{"line":12,"column":85}},"3":{"start":{"line":13,"column":41},"end":{"line":13,"column":53}},"4":{"start":{"line":15,"column":4},"end":{"line":17,"column":19}},"5":{"start":{"line":16,"column":6},"end":{"line":16,"column":42}},"6":{"start":{"line":19,"column":21},"end":{"line":19,"column":41}},"7":{"start":{"line":21,"column":39},"end":{"line":21,"column":62}},"8":{"start":{"line":24,"column":2},"end":{"line":85,"column":4}},"9":{"start":{"line":33,"column":14},"end":{"line":33,"column":44}},"10":{"start":{"line":39,"column":36},"end":{"line":43,"column":16}},"11":{"start":{"line":40,"column":16},"end":{"line":42,"column":54}},"12":{"start":{"line":44,"column":14},"end":{"line":44,"column":54}},"13":{"start":{"line":54,"column":31},"end":{"line":56,"column":14}},"14":{"start":{"line":55,"column":14},"end":{"line":55,"column":44}},"15":{"start":{"line":57,"column":12},"end":{"line":57,"column":49}},"16":{"start":{"line":66,"column":91},"end":{"line":66,"column":118}},"17":{"start":{"line":74,"column":12},"end":{"line":79,"column":21}}},"fnMap":{"0":{"name":"(anonymous_0)","decl":{"start":{"line":8,"column":21},"end":{"line":8,"column":22}},"loc":{"start":{"line":8,"column":27},"end":{"line":86,"column":1}},"line":8},"1":{"name":"(anonymous_1)","decl":{"start":{"line":15,"column":14},"end":{"line":15,"column":15}},"loc":{"start":{"line":15,"column":20},"end":{"line":17,"column":3}},"line":15},"2":{"name":"(anonymous_2)","decl":{"start":{"line":32,"column":22},"end":{"line":32,"column":23}},"loc":{"start":{"line":32,"column":29},"end":{"line":34,"column":13}},"line":32},"3":{"name":"(anonymous_3)","decl":{"start":{"line":38,"column":21},"end":{"line":38,"column":22}},"loc":{"start":{"line":38,"column":27},"end":{"line":45,"column":13}},"line":38},"4":{"name":"(anonymous_4)","decl":{"start":{"line":39,"column":55},"end":{"line":39,"column":56}},"loc":{"start":{"line":39,"column":64},"end":{"line":43,"column":15}},"line":39},"5":{"name":"(anonymous_5)","decl":{"start":{"line":53,"column":19},"end":{"line":53,"column":20}},"loc":{"start":{"line":53,"column":25},"end":{"line":58,"column":11}},"line":53},"6":{"name":"(anonymous_6)","decl":{"start":{"line":54,"column":50},"end":{"line":54,"column":51}},"loc":{"start":{"line":54,"column":59},"end":{"line":56,"column":13}},"line":54},"7":{"name":"(anonymous_7)","decl":{"start":{"line":66,"column":85},"end":{"line":66,"column":86}},"loc":{"start":{"line":66,"column":91},"end":{"line":66,"column":118}},"line":66},"8":{"name":"(anonymous_8)","decl":{"start":{"line":73,"column":35},"end":{"line":73,"column":36}},"loc":{"start":{"line":74,"column":12},"end":{"line":79,"column":21}},"line":74}},"branchMap":{"0":{"loc":{"start":{"line":12,"column":67},"end":{"line":12,"column":84}},"type":"binary-expr","locations":[{"start":{"line":12,"column":67},"end":{"line":12,"column":78}},{"start":{"line":12,"column":82},"end":{"line":12,"column":84}}],"line":12},"1":{"loc":{"start":{"line":68,"column":7},"end":{"line":83,"column":7}},"type":"cond-expr","locations":[{"start":{"line":69,"column":8},"end":{"line":69,"column":19}},{"start":{"line":71,"column":8},"end":{"line":82,"column":14}}],"line":68},"2":{"loc":{"start":{"line":68,"column":7},"end":{"line":68,"column":64}},"type":"binary-expr","locations":[{"start":{"line":68,"column":7},"end":{"line":68,"column":27}},{"start":{"line":68,"column":31},"end":{"line":68,"column":64}}],"line":68},"3":{"loc":{"start":{"line":75,"column":15},"end":{"line":77,"column":89}},"type":"cond-expr","locations":[{"start":{"line":76,"column":15},"end":{"line":76,"column":79}},{"start":{"line":77,"column":15},"end":{"line":77,"column":89}}],"line":75}},"s":{"0":1,"1":4,"2":4,"3":3,"4":3,"5":1,"6":3,"7":3,"8":3,"9":0,"10":1,"11":20,"12":1,"13":0,"14":0,"15":0,"16":0,"17":60},"f":{"0":4,"1":1,"2":0,"3":1,"4":20,"5":0,"6":0,"7":0,"8":60},"b":{"0":[4,0],"1":[0,3],"2":[3,3],"3":[60,0]},"_coverageSchema":"1a1c01bbd47fc00a2c39e90264f33305004495a9","hash":"bdddd6af31f23bc13115e9a6d7975128c4daf62d"}
,"/Users/sishetty/Documents/Namaste React/react/src/mockData/mockData.js": {"path":"/Users/sishetty/Documents/Namaste React/react/src/mockData/mockData.js","statementMap":{"0":{"start":{"line":1,"column":24},"end":{"line":1748,"column":1}}},"fnMap":{},"branchMap":{},"s":{"0":1},"f":{},"b":{},"_coverageSchema":"1a1c01bbd47fc00a2c39e90264f33305004495a9","hash":"e09519b4300a7ea87b15030fe49f70da056f1d56"}
,"/Users/sishetty/Documents/Namaste React/react/src/store/store.js": {"path":"/Users/sishetty/Documents/Namaste React/react/src/store/store.js","statementMap":{"0":{"start":{"line":4,"column":21},"end":{"line":8,"column":2}}},"fnMap":{},"branchMap":{},"s":{"0":1},"f":{},"b":{},"_coverageSchema":"1a1c01bbd47fc00a2c39e90264f33305004495a9","hash":"85fb47abdebd13c422de8417224a35b06cb9afb1"}
}
