TN:
SF:src/components/Contact.js
FN:1,(anonymous_0)
FNF:1
FNH:1
FNDA:3,(anonymous_0)
DA:1,1
DA:2,3
LF:2
LH:2
BRF:0
BRH:0
end_of_record
TN:
SF:src/components/Header.js
FN:8,(anonymous_0)
FN:16,(anonymous_1)
FN:33,(anonymous_2)
FNF:3
FNH:3
FNDA:5,(anonymous_0)
FNDA:9,(anonymous_1)
FNDA:1,(anonymous_2)
DA:8,1
DA:10,5
DA:12,5
DA:14,5
DA:16,9
DA:18,5
DA:34,1
LF:7
LH:7
BRDA:28,0,0,5
BRDA:28,0,1,0
BRDA:34,1,0,1
BRDA:34,1,1,0
BRF:4
BRH:2
end_of_record
TN:
SF:src/components/ResCard.js
FN:3,(anonymous_0)
FN:30,(anonymous_1)
FN:31,(anonymous_2)
FNF:3
FNH:3
FNDA:44,(anonymous_0)
FNDA:4,(anonymous_1)
FNDA:42,(anonymous_2)
DA:3,2
DA:4,44
DA:5,42
DA:30,2
DA:31,4
DA:32,42
LF:6
LH:6
BRF:0
BRH:0
end_of_record
TN:
SF:src/components/ResContainer.js
FN:8,(anonymous_0)
FN:15,(anonymous_1)
FN:32,(anonymous_2)
FN:38,(anonymous_3)
FN:39,(anonymous_4)
FN:53,(anonymous_5)
FN:54,(anonymous_6)
FN:66,(anonymous_7)
FN:73,(anonymous_8)
FNF:9
FNH:5
FNDA:4,(anonymous_0)
FNDA:1,(anonymous_1)
FNDA:0,(anonymous_2)
FNDA:1,(anonymous_3)
FNDA:20,(anonymous_4)
FNDA:0,(anonymous_5)
FNDA:0,(anonymous_6)
FNDA:0,(anonymous_7)
FNDA:60,(anonymous_8)
DA:8,1
DA:10,4
DA:12,4
DA:13,3
DA:15,3
DA:16,1
DA:19,3
DA:21,3
DA:24,3
DA:33,0
DA:39,1
DA:40,20
DA:44,1
DA:54,0
DA:55,0
DA:57,0
DA:66,0
DA:74,60
LF:18
LH:13
BRDA:12,0,0,4
BRDA:12,0,1,0
BRDA:68,1,0,0
BRDA:68,1,1,3
BRDA:68,2,0,3
BRDA:68,2,1,3
BRDA:75,3,0,60
BRDA:75,3,1,0
BRF:8
BRH:5
end_of_record
TN:
SF:src/mockData/mockData.js
FNF:0
FNH:0
DA:1,1
LF:1
LH:1
BRF:0
BRH:0
end_of_record
TN:
SF:src/store/store.js
FNF:0
FNH:0
DA:4,1
LF:1
LH:1
BRF:0
BRH:0
end_of_record
